2025-05-09T12:44:53.660+05:30  INFO 14592 --- [insurance] [main] c.eana.insurance.InsuranceApplication    : Starting InsuranceApplication using Java 17 with PID 14592 (D:\springboot-api-ws\insurance\target\classes started by Sachin in D:\springboot-api-ws\insurance)
2025-05-09T12:44:53.670+05:30  INFO 14592 --- [insurance] [main] c.eana.insurance.InsuranceApplication    : No active profile set, falling back to 1 default profile: "default"
2025-05-09T12:44:56.958+05:30  INFO 14592 --- [insurance] [main] .s.d.r.c.RepositoryConfigurationDelegate : Bootstrapping Spring Data JPA repositories in DEFAULT mode.
2025-05-09T12:44:57.203+05:30  INFO 14592 --- [insurance] [main] .s.d.r.c.RepositoryConfigurationDelegate : Finished Spring Data repository scanning in 197 ms. Found 1 JPA repository interface.
2025-05-09T12:44:59.872+05:30  INFO 14592 --- [insurance] [main] o.s.b.w.embedded.tomcat.TomcatWebServer  : Tomcat initialized with port 8080 (http)
2025-05-09T12:44:59.947+05:30  INFO 14592 --- [insurance] [main] o.apache.catalina.core.StandardService   : Starting service [Tomcat]
2025-05-09T12:44:59.949+05:30  INFO 14592 --- [insurance] [main] o.apache.catalina.core.StandardEngine    : Starting Servlet engine: [Apache Tomcat/10.1.40]
2025-05-09T12:45:00.393+05:30  INFO 14592 --- [insurance] [main] o.a.c.c.C.[Tomcat].[localhost].[/]       : Initializing Spring embedded WebApplicationContext
2025-05-09T12:45:00.395+05:30  INFO 14592 --- [insurance] [main] w.s.c.ServletWebServerApplicationContext : Root WebApplicationContext: initialization completed in 6548 ms
2025-05-09T12:45:01.298+05:30  INFO 14592 --- [insurance] [main] o.hibernate.jpa.internal.util.LogHelper  : HHH000204: Processing PersistenceUnitInfo [name: default]
2025-05-09T12:45:02.006+05:30  INFO 14592 --- [insurance] [main] org.hibernate.Version                    : HHH000412: Hibernate ORM core version 6.6.13.Final
2025-05-09T12:45:02.254+05:30  INFO 14592 --- [insurance] [main] o.h.c.internal.RegionFactoryInitiator    : HHH000026: Second-level cache disabled
2025-05-09T12:45:03.331+05:30  INFO 14592 --- [insurance] [main] o.s.o.j.p.SpringPersistenceUnitInfo      : No LoadTimeWeaver setup: ignoring JPA class transformer
2025-05-09T12:45:03.518+05:30  INFO 14592 --- [insurance] [main] com.zaxxer.hikari.HikariDataSource       : HikariPool-1 - Starting...
2025-05-09T12:45:04.808+05:30  INFO 14592 --- [insurance] [main] com.zaxxer.hikari.pool.HikariPool        : HikariPool-1 - Added connection com.mysql.cj.jdbc.ConnectionImpl@2c9cafa5
2025-05-09T12:45:04.812+05:30  INFO 14592 --- [insurance] [main] com.zaxxer.hikari.HikariDataSource       : HikariPool-1 - Start completed.
2025-05-09T12:45:05.093+05:30  WARN 14592 --- [insurance] [main] org.hibernate.orm.deprecation            : HHH90000025: MySQL8Dialect does not need to be specified explicitly using 'hibernate.dialect' (remove the property setting and it will be selected by default)
2025-05-09T12:45:05.097+05:30  WARN 14592 --- [insurance] [main] org.hibernate.orm.deprecation            : HHH90000026: MySQL8Dialect has been deprecated; use org.hibernate.dialect.MySQLDialect instead
2025-05-09T12:45:05.307+05:30  INFO 14592 --- [insurance] [main] org.hibernate.orm.connections.pooling    : HHH10001005: Database info:
	Database JDBC URL [Connecting through datasource 'HikariDataSource (HikariPool-1)']
	Database driver: undefined/unknown
	Database version: 8.0
	Autocommit mode: undefined/unknown
	Isolation level: undefined/unknown
	Minimum pool size: undefined/unknown
	Maximum pool size: undefined/unknown
2025-05-09T12:45:08.513+05:30  INFO 14592 --- [insurance] [main] o.h.e.t.j.p.i.JtaPlatformInitiator       : HHH000489: No JTA platform available (set 'hibernate.transaction.jta.platform' to enable JTA platform integration)
2025-05-09T12:45:08.792+05:30  INFO 14592 --- [insurance] [main] j.LocalContainerEntityManagerFactoryBean : Initialized JPA EntityManagerFactory for persistence unit 'default'
2025-05-09T12:45:08.838+05:30  INFO 14592 --- [insurance] [main] c.e.insurance.aws.AWSLocalStackServices  : Initialized AWSLocalStackServices with region: us-east-1, endpoint: http://localhost:4566
2025-05-09T12:45:09.844+05:30  WARN 14592 --- [insurance] [main] JpaBaseConfiguration$JpaWebConfiguration : spring.jpa.open-in-view is enabled by default. Therefore, database queries may be performed during view rendering. Explicitly configure spring.jpa.open-in-view to disable this warning
2025-05-09T12:45:11.362+05:30  INFO 14592 --- [insurance] [main] o.s.b.w.embedded.tomcat.TomcatWebServer  : Tomcat started on port 8080 (http) with context path '/'
2025-05-09T12:45:11.396+05:30  INFO 14592 --- [insurance] [main] c.eana.insurance.InsuranceApplication    : Started InsuranceApplication in 19.708 seconds (process running for 21.98)
2025-05-09T12:46:20.437+05:30  INFO 14592 --- [insurance] [http-nio-8080-exec-1] o.a.c.c.C.[Tomcat].[localhost].[/]       : Initializing Spring DispatcherServlet 'dispatcherServlet'
2025-05-09T12:46:20.438+05:30  INFO 14592 --- [insurance] [http-nio-8080-exec-1] o.s.web.servlet.DispatcherServlet        : Initializing Servlet 'dispatcherServlet'
2025-05-09T12:46:20.444+05:30  INFO 14592 --- [insurance] [http-nio-8080-exec-1] o.s.web.servlet.DispatcherServlet        : Completed initialization in 5 ms
2025-05-09T12:46:21.135+05:30  INFO 14592 --- [insurance] [http-nio-8080-exec-1] c.e.i.controller.PolicyController        : Received request to create policy: PolicyRequestDto(policyNumber=null, firstName=Sachin123, lastName=Chalake123, startDate=2025-05-07, endDate=2026-05-07, policyType=auto)
2025-05-09T12:46:21.137+05:30  INFO 14592 --- [insurance] [http-nio-8080-exec-1] c.e.insurance.service.PolicyServiceImpl  : Generating policy number...
2025-05-09T12:46:22.700+05:30  INFO 14592 --- [insurance] [http-nio-8080-exec-1] c.e.insurance.service.PolicyServiceImpl  : Policy saved with ID: 18
2025-05-09T12:46:22.769+05:30  INFO 14592 --- [insurance] [http-nio-8080-exec-1] c.e.insurance.service.PolicyServiceImpl  : Publishing message to AWS SNS via LocalStack...
2025-05-09T12:46:22.770+05:30  INFO 14592 --- [insurance] [http-nio-8080-exec-1] c.e.insurance.aws.AWSLocalStackServices  : Starting SNS->SQS->DynamoDB flow...
2025-05-09T12:46:27.365+05:30  INFO 14592 --- [insurance] [http-nio-8080-exec-1] c.e.insurance.aws.AWSLocalStackServices  : SQS is already subscribed to SNS.
2025-05-09T12:46:27.425+05:30  INFO 14592 --- [insurance] [http-nio-8080-exec-1] c.e.insurance.aws.AWSLocalStackServices  : Published message to SNS: {"policyNumber":"POLERCMLNW","firstName":"Sachin123","lastName":"Chalake123","startDate":"07-05-2025","endDate":"07-05-2026","policyType":"auto"}
2025-05-09T12:46:27.587+05:30  INFO 14592 --- [insurance] [http-nio-8080-exec-1] c.e.insurance.aws.AWSLocalStackServices  : Received message from SQS: {"Type": "Notification", "MessageId": "fc02be18-4760-47c6-b4cc-7ca66b8782f5", "TopicArn": "arn:aws:sns:us-east-1:000000000000:PolicyTopic", "Message": "{\"policyNumber\":\"POL41XOMVJ\",\"firstName\":\"Sachin\",\"lastName\":\"Chalake\",\"startDate\":\"07-05-2025\",\"endDate\":\"07-05-2026\",\"policyType\":\"auto\"}", "Timestamp": "2025-05-08T15:36:22.274Z", "UnsubscribeURL": "http://localhost.localstack.cloud:4566/?Action=Unsubscribe&SubscriptionArn=arn:aws:sns:us-east-1:000000000000:PolicyTopic:acb404ce-78ac-4e03-bc9f-7639afcfd84c", "SignatureVersion": "1", "Signature": "jwoFe9jldReiuNavbQZmcQkiiDQ8KsEyjJHFyR3XcD9rP8/lbqMgO3D6rZsA6PhXYGosbWuzOQz7XfG8GPpYa+2WMsuSC6RbjWYaHKVeKNn+d6+h4zqpe4lmNHG0L/r4Oo5/TQ2eYhDzKiQx+/VZYAVm6HQ0gSdn81EG//HrOwRZfcygrE6NkEYUtHTUuo4jO9ReZufYg6uUk9ftpQDPs8KQEj3R6BuAaYYyE2f7L6PIYBi70EENsQf8BWaGVfq48l1AgC/iwxRZhX6co8VRygvAWLZFQqDTK1aXX30aGsSJZ/SyFBVJco0YD/1fm6aqw9uzHlk6Nk50Kw2Gwrq68Q==", "SigningCertURL": "http://localhost.localstack.cloud:4566/_aws/sns/SimpleNotificationService-6c6f63616c737461636b69736e696365.pem"}
2025-05-09T12:46:30.684+05:30  INFO 14592 --- [insurance] [http-nio-8080-exec-1] c.e.insurance.aws.AWSLocalStackServices  : Table 'PolicyTable' already exists.
2025-05-09T12:46:31.718+05:30  INFO 14592 --- [insurance] [http-nio-8080-exec-1] c.e.insurance.aws.AWSLocalStackServices  : Saved message to DynamoDB with id: 240e3e7e-846f-4435-80d8-c870a9863dd2
2025-05-09T12:46:31.774+05:30  INFO 14592 --- [insurance] [http-nio-8080-exec-1] c.e.insurance.aws.AWSLocalStackServices  : Deleted message from SQS.
2025-05-09T12:46:31.776+05:30  INFO 14592 --- [insurance] [http-nio-8080-exec-1] c.e.insurance.service.PolicyServiceImpl  : Message published and saved to DynamoDB.
2025-05-09T12:46:31.778+05:30  INFO 14592 --- [insurance] [http-nio-8080-exec-1] c.e.i.controller.PolicyController        : Policy created with number: POLERCMLNW
2025-05-09T13:03:01.350+05:30  INFO 14592 --- [insurance] [http-nio-8080-exec-5] c.e.i.controller.PolicyController        : Received request to create policy: PolicyRequestDto(policyNumber=null, firstName=Sachin123, lastName=Chalake123, startDate=2025-05-07, endDate=2026-05-07, policyType=auto)
2025-05-09T13:03:01.352+05:30  INFO 14592 --- [insurance] [http-nio-8080-exec-5] c.e.insurance.service.PolicyServiceImpl  : Generating policy number...
2025-05-09T13:03:01.794+05:30  INFO 14592 --- [insurance] [http-nio-8080-exec-5] c.e.insurance.service.PolicyServiceImpl  : Policy saved with ID: 19
2025-05-09T13:03:01.798+05:30  INFO 14592 --- [insurance] [http-nio-8080-exec-5] c.e.insurance.service.PolicyServiceImpl  : Publishing message to AWS SNS via LocalStack...
2025-05-09T13:03:01.799+05:30  INFO 14592 --- [insurance] [http-nio-8080-exec-5] c.e.insurance.aws.AWSLocalStackServices  : Starting SNS->SQS->DynamoDB flow...
2025-05-09T13:03:09.203+05:30  INFO 14592 --- [insurance] [http-nio-8080-exec-5] c.e.insurance.aws.AWSLocalStackServices  : Subscribing SQS to SNS...
2025-05-09T13:03:09.357+05:30  INFO 14592 --- [insurance] [http-nio-8080-exec-5] c.e.insurance.aws.AWSLocalStackServices  : Published message to SNS: {"policyNumber":"POLB0C60GZ","firstName":"Sachin123","lastName":"Chalake123","startDate":"07-05-2025","endDate":"07-05-2026","policyType":"auto"}
2025-05-09T13:03:09.640+05:30  INFO 14592 --- [insurance] [http-nio-8080-exec-5] c.e.insurance.aws.AWSLocalStackServices  : Received message from SQS: {"Type": "Notification", "MessageId": "9d873fb2-e494-4948-9ce6-a3a2eef073a2", "TopicArn": "arn:aws:sns:us-east-1:000000000000:PolicyTopic", "Message": "{\"policyNumber\":\"POLB0C60GZ\",\"firstName\":\"Sachin123\",\"lastName\":\"Chalake123\",\"startDate\":\"07-05-2025\",\"endDate\":\"07-05-2026\",\"policyType\":\"auto\"}", "Timestamp": "2025-05-09T07:33:09.335Z", "UnsubscribeURL": "http://localhost.localstack.cloud:4566/?Action=Unsubscribe&SubscriptionArn=arn:aws:sns:us-east-1:000000000000:PolicyTopic:5f38833c-24c3-4886-b9c4-906c00643697", "SignatureVersion": "1", "Signature": "c17EiL5k/CGFmTOCskWb5YrnvgMJoStOU4vm4tklRiuWHn16mku7SZHtZ0RymlN+ueOlrC3223ve8sePZhET7cVpLK6MZFpw2h6ZcFoWy3LQ7alw5nCWzPJKj0CsXGSnwf++WIrS/YgF3Vpkzyk8W/axXU/R6H43Z8YBTzgpIUcGVagM39FQEV0BAoQnD9T/HY+cG5DP3CK9yFci1YKRc0GOg0s5C4mZmuc1aq4Y8jU2iV4doTtJyTXk+YWjnchbF45Le5Dgr1zgGQrfa+2DPdLl/k2FC0iLjXBWj9fI2t853UatW8b/XNwlAxVBvSIeA+0fHLOAQJ9MYZxhMYHqqg==", "SigningCertURL": "http://localhost.localstack.cloud:4566/_aws/sns/SimpleNotificationService-6c6f63616c737461636b69736e696365.pem"}
2025-05-09T13:03:25.581+05:30  INFO 14592 --- [insurance] [http-nio-8080-exec-5] c.e.insurance.aws.AWSLocalStackServices  : Created DynamoDB table 'PolicyTable'.
2025-05-09T13:03:26.801+05:30  INFO 14592 --- [insurance] [http-nio-8080-exec-5] c.e.insurance.aws.AWSLocalStackServices  : Saved message to DynamoDB with id: fa74ce53-ef63-4f1b-a66b-e329ab39faa0
2025-05-09T13:03:26.845+05:30  INFO 14592 --- [insurance] [http-nio-8080-exec-5] c.e.insurance.aws.AWSLocalStackServices  : Deleted message from SQS.
2025-05-09T13:03:26.848+05:30  INFO 14592 --- [insurance] [http-nio-8080-exec-5] c.e.insurance.service.PolicyServiceImpl  : Message published and saved to DynamoDB.
2025-05-09T13:03:26.848+05:30  INFO 14592 --- [insurance] [http-nio-8080-exec-5] c.e.i.controller.PolicyController        : Policy created with number: POLB0C60GZ
2025-05-09T13:05:19.483+05:30  INFO 14592 --- [insurance] [http-nio-8080-exec-8] c.e.i.controller.PolicyController        : Fetching policy with number: POLB0C60GZ
2025-05-09T13:05:19.484+05:30  INFO 14592 --- [insurance] [http-nio-8080-exec-8] c.e.insurance.service.PolicyServiceImpl  : Fetching policy with number: POLB0C60GZ
2025-05-09T13:05:19.926+05:30  INFO 14592 --- [insurance] [http-nio-8080-exec-8] c.e.i.controller.PolicyController        : Policy found: PolicyResponseDto(policyNumber=POLB0C60GZ, firstName=Sachin123, lastName=Chalake123, startDate=2025-05-07, endDate=2026-05-07, policyType=auto)
2025-05-09T13:06:42.065+05:30  INFO 14592 --- [insurance] [http-nio-8080-exec-10] c.e.i.controller.PolicyController        : Received request to create policy: PolicyRequestDto(policyNumber=null, firstName=Sachin, lastName=Chalake, startDate=2025-05-07, endDate=2026-05-07, policyType=auto)
2025-05-09T13:06:42.065+05:30  INFO 14592 --- [insurance] [http-nio-8080-exec-10] c.e.insurance.service.PolicyServiceImpl  : Generating policy number...
2025-05-09T13:06:42.219+05:30  INFO 14592 --- [insurance] [http-nio-8080-exec-10] c.e.insurance.service.PolicyServiceImpl  : Policy saved with ID: 20
2025-05-09T13:06:42.225+05:30  INFO 14592 --- [insurance] [http-nio-8080-exec-10] c.e.insurance.service.PolicyServiceImpl  : Publishing message to AWS SNS via LocalStack...
2025-05-09T13:06:42.226+05:30  INFO 14592 --- [insurance] [http-nio-8080-exec-10] c.e.insurance.aws.AWSLocalStackServices  : Starting SNS->SQS->DynamoDB flow...
2025-05-09T13:06:42.380+05:30  INFO 14592 --- [insurance] [http-nio-8080-exec-10] c.e.insurance.aws.AWSLocalStackServices  : SQS is already subscribed to SNS.
2025-05-09T13:06:42.407+05:30  INFO 14592 --- [insurance] [http-nio-8080-exec-10] c.e.insurance.aws.AWSLocalStackServices  : Published message to SNS: {"policyNumber":"POLQSYZ6F2","firstName":"Sachin","lastName":"Chalake","startDate":"07-05-2025","endDate":"07-05-2026","policyType":"auto"}
2025-05-09T13:06:42.434+05:30  INFO 14592 --- [insurance] [http-nio-8080-exec-10] c.e.insurance.aws.AWSLocalStackServices  : Received message from SQS: {"Type": "Notification", "MessageId": "08c1556f-875d-40f9-b64a-92a959765ccb", "TopicArn": "arn:aws:sns:us-east-1:000000000000:PolicyTopic", "Message": "{\"policyNumber\":\"POLQSYZ6F2\",\"firstName\":\"Sachin\",\"lastName\":\"Chalake\",\"startDate\":\"07-05-2025\",\"endDate\":\"07-05-2026\",\"policyType\":\"auto\"}", "Timestamp": "2025-05-09T07:36:42.394Z", "UnsubscribeURL": "http://localhost.localstack.cloud:4566/?Action=Unsubscribe&SubscriptionArn=arn:aws:sns:us-east-1:000000000000:PolicyTopic:5f38833c-24c3-4886-b9c4-906c00643697", "SignatureVersion": "1", "Signature": "OJ8hw2Icm8wglQtRMW29a5CPeR/3aJt8RvT96MRGH9sLwOYTSHPMsItFqoc7QQl8q0J8KGg7BziW8kHaYE2SJ7BRJ2vcKQJLjS0vUIkdHioq7vIdrwP7J563rF0g4IksasNvIK8DeMH0ux6tB7s+5kFr5bVLeDUXjNdMKJWBJ6n/WRa3loktRu4tVkYvlw9M7aLlxHCovddLeflnN7lHpAnVZaKSkTxkh6HhFTJbh1wMjGLWtzKAoNkV56wkfRqqHOVus/WjdWQ9/nkvfFoOnVWpTTbgW0FXymtLfTJWFklrYUTpL8kyJLZ6SSHyvG74ITPNaK8Z/LQ+oZha7QsIcg==", "SigningCertURL": "http://localhost.localstack.cloud:4566/_aws/sns/SimpleNotificationService-6c6f63616c737461636b69736e696365.pem"}
2025-05-09T13:06:42.504+05:30  INFO 14592 --- [insurance] [http-nio-8080-exec-10] c.e.insurance.aws.AWSLocalStackServices  : Table 'PolicyTable' already exists.
2025-05-09T13:06:43.133+05:30  INFO 14592 --- [insurance] [http-nio-8080-exec-10] c.e.insurance.aws.AWSLocalStackServices  : Saved message to DynamoDB with id: ceafb890-a709-4531-ac75-9722c7455367
2025-05-09T13:06:43.158+05:30  INFO 14592 --- [insurance] [http-nio-8080-exec-10] c.e.insurance.aws.AWSLocalStackServices  : Deleted message from SQS.
2025-05-09T13:06:43.159+05:30  INFO 14592 --- [insurance] [http-nio-8080-exec-10] c.e.insurance.service.PolicyServiceImpl  : Message published and saved to DynamoDB.
2025-05-09T13:06:43.160+05:30  INFO 14592 --- [insurance] [http-nio-8080-exec-10] c.e.i.controller.PolicyController        : Policy created with number: POLQSYZ6F2
